L 07/23/2015 - 20:48:36: SourceMod error session started
L 07/23/2015 - 20:48:36: Info (map "de_bank") (file "errors_20150723.log")
L 07/23/2015 - 20:48:36: [retakes.smx] The retakes config file (addons/sourcemod/configs/retakes/de_bank.cfg) does not exist
L 07/23/2015 - 20:49:05: [retakes.smx] This map does not have enough spawns!
L 07/23/2015 - 20:49:05: [retakes.smx] Failed to get any spawn on de_bank, site=0, team=1
L 07/23/2015 - 20:49:09: [retakes.smx] This map does not have enough spawns!
L 07/23/2015 - 20:49:09: [retakes.smx] Failed to get any spawn on de_bank, site=0, team=1
L 07/23/2015 - 20:49:19: [retakes.smx] This map does not have enough spawns!
L 07/23/2015 - 20:49:19: [retakes.smx] Failed to get any spawn on de_bank, site=0, team=1
L 07/23/2015 - 20:49:22: [retakes.smx] This map does not have enough spawns!
L 07/23/2015 - 20:49:22: [retakes.smx] Failed to get any spawn on de_bank, site=0, team=1
L 07/23/2015 - 20:49:26: [retakes.smx] This map does not have enough spawns!
L 07/23/2015 - 20:49:26: [retakes.smx] Failed to get any spawn on de_bank, site=0, team=1
L 07/23/2015 - 20:49:30: [retakes.smx] This map does not have enough spawns!
L 07/23/2015 - 20:49:30: [retakes.smx] Failed to get any spawn on de_bank, site=0, team=1
L 07/23/2015 - 20:49:40: [retakes.smx] This map does not have enough spawns!
L 07/23/2015 - 20:49:40: [retakes.smx] Failed to get any spawn on de_bank, site=0, team=1
L 07/23/2015 - 20:49:46: [retakes.smx] This map does not have enough spawns!
L 07/23/2015 - 20:49:46: [retakes.smx] Failed to get any spawn on de_bank, site=0, team=1
L 07/23/2015 - 20:49:49: [retakes.smx] This map does not have enough spawns!
L 07/23/2015 - 22:24:05: Error log file session closed.
L 07/23/2015 - 22:24:06: SourceMod error session started
L 07/23/2015 - 22:24:06: Info (map "de_bank") (file "errors_20150723.log")
L 07/23/2015 - 22:24:06: [retakes.smx] The retakes config file (addons/sourcemod/configs/retakes/de_bank.cfg) does not exist
L 07/23/2015 - 22:24:35: [retakes.smx] This map does not have enough spawns!
L 07/23/2015 - 22:24:35: [retakes.smx] Had to resort to fallback spawn on de_bank, site=0
L 07/23/2015 - 22:24:35: [retakes.smx] Failed to get any spawn on de_bank, site=0, team=2
L 07/23/2015 - 22:24:53: [retakes.smx] This map does not have enough spawns!
L 07/23/2015 - 22:24:53: [retakes.smx] Had to resort to fallback spawn on de_bank, site=0
L 07/23/2015 - 22:24:53: [retakes.smx] Failed to get any spawn on de_bank, site=0, team=2
L 07/23/2015 - 22:24:57: [retakes.smx] This map does not have enough spawns!
