L 07/24/2015 - 04:00:03: SourceMod error session started
L 07/24/2015 - 04:00:03: Info (map "de_bank") (file "errors_20150724.log")
L 07/24/2015 - 04:00:03: Error log file session closed.
L 07/24/2015 - 04:00:05: SourceMod error session started
L 07/24/2015 - 04:00:05: Info (map "de_bank") (file "errors_20150724.log")
L 07/24/2015 - 04:00:05: [retakes.smx] The retakes config file (addons/sourcemod/configs/retakes/de_bank.cfg) does not exist
L 07/24/2015 - 04:00:34: [retakes.smx] This map does not have enough spawns!
L 07/24/2015 - 04:00:34: [retakes.smx] Had to resort to fallback spawn on de_bank, site=0
L 07/24/2015 - 04:00:34: [retakes.smx] Failed to get any spawn on de_bank, site=0, team=2
L 07/24/2015 - 04:00:52: [retakes.smx] This map does not have enough spawns!
L 07/24/2015 - 04:00:52: [retakes.smx] Had to resort to fallback spawn on de_bank, site=0
L 07/24/2015 - 04:00:52: [retakes.smx] Failed to get any spawn on de_bank, site=0, team=2
L 07/24/2015 - 04:01:00: [retakes.smx] This map does not have enough spawns!
L 07/24/2015 - 04:01:00: [retakes.smx] Had to resort to fallback spawn on de_bank, site=0
L 07/24/2015 - 04:01:00: [retakes.smx] Failed to get any spawn on de_bank, site=0, team=2
L 07/24/2015 - 04:01:18: [retakes.smx] This map does not have enough spawns!
L 07/24/2015 - 04:01:18: [retakes.smx] Had to resort to fallback spawn on de_bank, site=0
L 07/24/2015 - 04:01:18: [retakes.smx] Failed to get any spawn on de_bank, site=0, team=2
L 07/24/2015 - 04:01:21: [retakes.smx] This map does not have enough spawns!
L 07/24/2015 - 04:01:21: [retakes.smx] Had to resort to fallback spawn on de_bank, site=0
L 07/24/2015 - 04:01:21: [retakes.smx] Failed to get any spawn on de_bank, site=0, team=2
L 07/24/2015 - 04:01:39: [retakes.smx] This map does not have enough spawns!
L 07/24/2015 - 04:01:39: [retakes.smx] Had to resort to fallback spawn on de_bank, site=0
L 07/24/2015 - 04:01:39: [retakes.smx] Failed to get any spawn on de_bank, site=0, team=2
L 07/24/2015 - 04:01:42: [retakes.smx] This map does not have enough spawns!
L 07/24/2015 - 04:01:42: [retakes.smx] Had to resort to fallback spawn on de_bank, site=0
L 07/24/2015 - 04:01:42: [retakes.smx] Failed to get any spawn on de_bank, site=0, team=2
L 07/24/2015 - 04:01:43: [retakes.smx] This map does not have enough spawns!
L 07/24/2015 - 04:01:51: [retakes.smx] This map does not have enough spawns!
