L 07/21/2015 - 16:22:31: SourceMod error session started
L 07/21/2015 - 16:22:31: Info (map "de_sugarcane") (file "errors_20150721.log")
L 07/21/2015 - 16:22:31: [retakes.smx] The retakes config file (addons/sourcemod/configs/retakes/de_sugarcane.cfg) does not exist
L 07/21/2015 - 16:23:00: [retakes.smx] This map does not have enough spawns!
L 07/21/2015 - 16:23:00: [retakes.smx] Had to resort to fallback spawn on de_sugarcane, site=1
L 07/21/2015 - 16:23:00: [retakes.smx] Failed to get any spawn on de_sugarcane, site=1, team=2
L 07/21/2015 - 16:23:00: [retakes.smx] Failed to get any spawn on de_sugarcane, site=1, team=1
L 07/21/2015 - 16:23:18: [retakes.smx] This map does not have enough spawns!
L 07/21/2015 - 16:23:18: [retakes.smx] Had to resort to fallback spawn on de_sugarcane, site=1
L 07/21/2015 - 16:23:18: [retakes.smx] Failed to get any spawn on de_sugarcane, site=1, team=2
L 07/21/2015 - 16:23:18: [retakes.smx] Failed to get any spawn on de_sugarcane, site=1, team=1
L 07/21/2015 - 16:23:36: [retakes.smx] This map does not have enough spawns!
L 07/21/2015 - 16:23:36: [retakes.smx] Had to resort to fallback spawn on de_sugarcane, site=1
L 07/21/2015 - 16:23:36: [retakes.smx] Failed to get any spawn on de_sugarcane, site=1, team=2
L 07/21/2015 - 16:23:36: [retakes.smx] Failed to get any spawn on de_sugarcane, site=1, team=1
L 07/21/2015 - 16:23:36: Error log file session closed.
L 07/21/2015 - 16:49:00: SourceMod error session started
L 07/21/2015 - 16:49:00: Info (map "de_lake") (file "errors_20150721.log")
L 07/21/2015 - 16:49:00: [retakes.smx] The retakes config file (addons/sourcemod/configs/retakes/de_lake.cfg) does not exist
L 07/21/2015 - 16:51:24: [retakes.smx] This map does not have enough spawns!
L 07/21/2015 - 16:51:24: [retakes.smx] Had to resort to fallback spawn on de_lake, site=0
L 07/21/2015 - 16:51:24: [retakes.smx] Failed to get any spawn on de_lake, site=0, team=2
L 07/21/2015 - 16:51:27: [retakes.smx] This map does not have enough spawns!
L 07/21/2015 - 17:25:29: Error log file session closed.
L 07/21/2015 - 17:25:30: SourceMod error session started
L 07/21/2015 - 17:25:30: Info (map "de_lake") (file "errors_20150721.log")
L 07/21/2015 - 17:25:30: [retakes.smx] The retakes config file (addons/sourcemod/configs/retakes/de_lake.cfg) does not exist
L 07/21/2015 - 17:26:04: [retakes.smx] This map does not have enough spawns!
L 07/21/2015 - 17:26:04: [retakes.smx] Had to resort to fallback spawn on de_lake, site=0
L 07/21/2015 - 17:26:04: [retakes.smx] Failed to get any spawn on de_lake, site=0, team=2
L 07/21/2015 - 17:26:22: [retakes.smx] This map does not have enough spawns!
L 07/21/2015 - 17:26:22: [retakes.smx] Had to resort to fallback spawn on de_lake, site=0
L 07/21/2015 - 17:26:22: [retakes.smx] Failed to get any spawn on de_lake, site=0, team=2
L 07/21/2015 - 17:26:23: Error log file session closed.
