L 08/11/2015 - 00:05:32: SourceMod log file session started (file "L20150811.log") (Version "1.7.2")
L 08/11/2015 - 00:05:32: [mapchooser.smx] Voting for next map has started.
L 08/11/2015 - 00:05:53: [mapchooser.smx] Voting for next map has finished. Nextmap: de_mirage.
L 08/11/2015 - 00:07:06: [SM] Changed map to "de_mirage"
L 08/11/2015 - 00:07:09: -------- Mapchange to de_mirage --------
L 08/11/2015 - 00:07:09: [basecommands.smx] "Console<0><Console><Console>" changed cvar (cvar "sv_maxcmdrate") (value "128")
L 08/11/2015 - 17:18:35: -------- Mapchange to de_mirage --------
L 08/11/2015 - 17:18:35: [basecommands.smx] "Console<0><Console><Console>" changed cvar (cvar "sv_maxcmdrate") (value "128")
L 08/11/2015 - 17:19:06: -------- Mapchange to de_mirage --------
L 08/11/2015 - 17:19:06: [basecommands.smx] "Console<0><Console><Console>" changed cvar (cvar "sv_maxcmdrate") (value "128")
L 08/11/2015 - 17:22:37: -------- Mapchange to de_mirage --------
L 08/11/2015 - 17:22:37: [basecommands.smx] "Console<0><Console><Console>" changed cvar (cvar "sv_maxcmdrate") (value "128")
L 08/11/2015 - 17:37:11: [mapchooser.smx] Voting for next map has started.
L 08/11/2015 - 17:37:18: [mapchooser.smx] Voting for next map has finished. Nextmap: de_train.
L 08/11/2015 - 17:38:48: [SM] Changed map to "de_train"
L 08/11/2015 - 17:38:54: -------- Mapchange to de_train --------
L 08/11/2015 - 17:38:54: [basecommands.smx] "Console<0><Console><Console>" changed cvar (cvar "sv_maxcmdrate") (value "128")
L 08/11/2015 - 17:48:23: [mapchooser.smx] Starting map vote because outside request
L 08/11/2015 - 17:48:23: [mapchooser.smx] Voting for next map has started.
L 08/11/2015 - 17:48:32: [mapchooser.smx] Voting for next map has finished. Nextmap: de_overpass.
L 08/11/2015 - 17:48:57: [SM] Changed map to "de_overpass"
L 08/11/2015 - 17:49:03: -------- Mapchange to de_overpass --------
L 08/11/2015 - 17:49:03: [basecommands.smx] "Console<0><Console><Console>" changed cvar (cvar "sv_maxcmdrate") (value "128")
L 08/11/2015 - 18:04:44: [mapchooser.smx] Voting for next map has started.
L 08/11/2015 - 19:38:26: -------- Mapchange to de_overpass --------
L 08/11/2015 - 19:38:26: [basecommands.smx] "Console<0><Console><Console>" changed cvar (cvar "sv_maxcmdrate") (value "128")
L 08/11/2015 - 19:55:11: [mapchooser.smx] Voting for next map has started.
L 08/11/2015 - 19:55:22: [mapchooser.smx] Voting for next map has finished. Nextmap: de_dust2.
L 08/11/2015 - 19:56:57: [SM] Changed map to "de_dust2"
L 08/11/2015 - 19:57:00: -------- Mapchange to de_dust2 --------
L 08/11/2015 - 19:57:00: [basecommands.smx] "Console<0><Console><Console>" changed cvar (cvar "sv_maxcmdrate") (value "128")
L 08/11/2015 - 20:13:46: [mapchooser.smx] Voting for next map has started.
L 08/11/2015 - 20:13:50: [mapchooser.smx] Voting for next map has finished. Nextmap: de_cbble.
L 08/11/2015 - 20:45:21: -------- Mapchange to de_dust2 --------
L 08/11/2015 - 20:45:21: [basecommands.smx] "Console<0><Console><Console>" changed cvar (cvar "sv_maxcmdrate") (value "128")
L 08/11/2015 - 20:46:27: [mapchooser.smx] Starting map vote because outside request
L 08/11/2015 - 20:46:27: [mapchooser.smx] Voting for next map has started.
L 08/11/2015 - 20:46:29: [mapchooser.smx] Voting for next map has finished. Nextmap: de_inferno.
L 08/11/2015 - 20:47:02: [SM] Changed map to "de_inferno"
L 08/11/2015 - 20:47:06: -------- Mapchange to de_inferno --------
L 08/11/2015 - 20:47:06: [basecommands.smx] "Console<0><Console><Console>" changed cvar (cvar "sv_maxcmdrate") (value "128")
L 08/11/2015 - 21:01:36: [mapchooser.smx] Voting for next map has started.
L 08/11/2015 - 21:01:39: [mapchooser.smx] Voting for next map has finished. Nextmap: de_nuke.
L 08/11/2015 - 21:03:20: [SM] Changed map to "de_nuke"
L 08/11/2015 - 21:03:24: -------- Mapchange to de_nuke --------
L 08/11/2015 - 21:03:24: [basecommands.smx] "Console<0><Console><Console>" changed cvar (cvar "sv_maxcmdrate") (value "128")
L 08/11/2015 - 21:19:22: [mapchooser.smx] Voting for next map has started.
L 08/11/2015 - 21:19:29: [mapchooser.smx] Voting for next map has finished. Nextmap: de_cache.
L 08/11/2015 - 21:21:20: [SM] Changed map to "de_cache"
L 08/11/2015 - 21:21:29: -------- Mapchange to de_cache --------
L 08/11/2015 - 21:21:29: [basecommands.smx] "Console<0><Console><Console>" changed cvar (cvar "sv_maxcmdrate") (value "128")
L 08/11/2015 - 21:32:19: -------- Mapchange to de_cache --------
L 08/11/2015 - 21:32:19: [basecommands.smx] "Console<0><Console><Console>" changed cvar (cvar "sv_maxcmdrate") (value "128")
L 08/11/2015 - 22:14:20: -------- Mapchange to de_cache --------
L 08/11/2015 - 22:14:20: [basecommands.smx] "Console<0><Console><Console>" changed cvar (cvar "sv_maxcmdrate") (value "128")
