L 07/23/2015 - 14:15:44: SourceMod log file session started (file "L20150723.log") (Version "1.7.2")
L 07/23/2015 - 14:15:44: -------- Mapchange to de_dust --------
L 07/23/2015 - 14:15:59: [randomcycle.smx] RandomCycle has chosen de_inferno for the nextmap.
L 07/23/2015 - 15:16:47: -------- Mapchange to de_dust --------
L 07/23/2015 - 15:16:53: [randomcycle.smx] RandomCycle has chosen de_nuke for the nextmap.
L 07/23/2015 - 15:17:55: -------- Mapchange to de_dust --------
L 07/23/2015 - 15:18:02: [randomcycle.smx] RandomCycle has chosen de_nuke for the nextmap.
L 07/23/2015 - 15:25:15: [mapchooser.smx] Voting for next map has started.
L 07/23/2015 - 15:25:22: [mapchooser.smx] Voting for next map has finished. Nextmap: ar_baggage.
L 07/23/2015 - 15:25:30: -------- Mapchange to de_dust2 --------
L 07/23/2015 - 15:25:36: [randomcycle.smx] RandomCycle has chosen cs_office for the nextmap.
L 07/23/2015 - 15:32:30: [mapchooser.smx] Voting for next map has started.
L 07/23/2015 - 15:32:38: [mapchooser.smx] Voting for next map has finished. Nextmap: de_nuke.
L 07/23/2015 - 15:33:48: [SM] Changed map to "de_nuke"
L 07/23/2015 - 15:33:53: -------- Mapchange to de_nuke --------
L 07/23/2015 - 15:34:00: [randomcycle.smx] RandomCycle has chosen de_inferno for the nextmap.
L 07/23/2015 - 15:39:33: [mapchooser.smx] Voting for next map has started.
L 07/23/2015 - 15:39:44: [mapchooser.smx] Voting for next map has finished. Nextmap: ar_baggage.
L 07/23/2015 - 16:05:23: -------- Mapchange to de_nuke --------
L 07/23/2015 - 16:05:29: [randomcycle.smx] RandomCycle has chosen de_dust for the nextmap.
L 07/23/2015 - 18:10:41: -------- Mapchange to de_nuke --------
L 07/23/2015 - 18:10:47: [randomcycle.smx] RandomCycle has chosen cs_italy for the nextmap.
L 07/23/2015 - 18:17:19: [mapchooser.smx] Voting for next map has started.
L 07/23/2015 - 18:48:06: -------- Mapchange to de_nuke --------
L 07/23/2015 - 18:48:12: [randomcycle.smx] RandomCycle has chosen de_train for the nextmap.
L 07/23/2015 - 20:04:16: -------- Mapchange to de_nuke --------
L 07/23/2015 - 20:04:22: [randomcycle.smx] RandomCycle has chosen cs_italy for the nextmap.
L 07/23/2015 - 20:10:34: [mapchooser.smx] Voting for next map has started.
L 07/23/2015 - 20:10:54: [mapchooser.smx] Voting for next map has finished. Nextmap: cs_office.
L 07/23/2015 - 20:21:41: -------- Mapchange to de_nuke --------
L 07/23/2015 - 20:21:47: [randomcycle.smx] RandomCycle has chosen de_train for the nextmap.
L 07/23/2015 - 20:29:02: [mapchooser.smx] Voting for next map has started.
L 07/23/2015 - 20:29:04: [mapchooser.smx] Voting for next map has finished. Nextmap: de_inferno.
L 07/23/2015 - 20:30:51: [SM] Changed map to "de_inferno"
L 07/23/2015 - 20:30:55: -------- Mapchange to de_inferno --------
L 07/23/2015 - 20:31:02: [randomcycle.smx] RandomCycle has chosen cs_office for the nextmap.
L 07/23/2015 - 20:38:42: [mapchooser.smx] Voting for next map has started.
L 07/23/2015 - 20:39:03: [mapchooser.smx] Voting for next map has finished. Nextmap: de_safehouse.
L 07/23/2015 - 20:40:33: -------- Mapchange to de_inferno --------
L 07/23/2015 - 20:40:39: [randomcycle.smx] RandomCycle has chosen de_dust2 for the nextmap.
L 07/23/2015 - 20:46:18: [mapchooser.smx] Voting for next map has started.
L 07/23/2015 - 20:46:23: [mapchooser.smx] Voting for next map has finished. Nextmap: de_bank.
L 07/23/2015 - 20:48:31: [SM] Changed map to "de_bank"
L 07/23/2015 - 20:48:35: -------- Mapchange to de_bank --------
L 07/23/2015 - 20:48:41: [randomcycle.smx] RandomCycle has chosen de_dust2 for the nextmap.
L 07/23/2015 - 22:24:05: -------- Mapchange to de_bank --------
L 07/23/2015 - 22:24:11: [randomcycle.smx] RandomCycle has chosen de_inferno for the nextmap.
