L 08/15/2015 - 20:42:45: SourceMod log file session started (file "L20150815.log") (Version "1.7.2")
L 08/15/2015 - 20:42:45: -------- Mapchange to de_dust2 --------
L 08/15/2015 - 20:43:07: [basecommands.smx] "Console<0><Console><Console>" changed cvar (cvar "sv_maxcmdrate") (value "128")
L 08/15/2015 - 21:47:19: -------- Mapchange to de_dust2 --------
L 08/15/2015 - 21:47:20: [basecommands.smx] "Console<0><Console><Console>" changed cvar (cvar "sv_maxcmdrate") (value "128")
L 08/15/2015 - 22:15:29: -------- Mapchange to de_dust2 --------
L 08/15/2015 - 22:15:29: [basecommands.smx] "Console<0><Console><Console>" changed cvar (cvar "sv_maxcmdrate") (value "128")
L 08/15/2015 - 22:30:57: [mapchooser.smx] Voting for next map has started.
L 08/15/2015 - 22:31:17: [mapchooser.smx] Voting for next map has finished. Nextmap: de_mirage.
L 08/15/2015 - 22:32:43: [SM] Changed map to "de_mirage"
L 08/15/2015 - 22:32:49: -------- Mapchange to de_mirage --------
L 08/15/2015 - 22:32:49: [basecommands.smx] "Console<0><Console><Console>" changed cvar (cvar "sv_maxcmdrate") (value "128")
L 08/15/2015 - 22:51:11: [mapchooser.smx] Voting for next map has started.
L 08/15/2015 - 22:51:31: [mapchooser.smx] Voting for next map has finished. Nextmap: de_overpass.
L 08/15/2015 - 22:52:34: [SM] Changed map to "de_overpass"
L 08/15/2015 - 22:52:45: -------- Mapchange to de_overpass --------
L 08/15/2015 - 22:52:45: [basecommands.smx] "Console<0><Console><Console>" changed cvar (cvar "sv_maxcmdrate") (value "128")
L 08/15/2015 - 23:09:48: [mapchooser.smx] Voting for next map has started.
L 08/15/2015 - 23:09:58: [mapchooser.smx] Voting for next map has finished. Nextmap: de_train.
L 08/15/2015 - 23:11:35: [SM] Changed map to "de_train"
L 08/15/2015 - 23:11:43: -------- Mapchange to de_train --------
L 08/15/2015 - 23:11:43: [basecommands.smx] "Console<0><Console><Console>" changed cvar (cvar "sv_maxcmdrate") (value "128")
L 08/15/2015 - 23:19:49: -------- Mapchange to de_train --------
L 08/15/2015 - 23:19:49: [basecommands.smx] "Console<0><Console><Console>" changed cvar (cvar "sv_maxcmdrate") (value "128")
