L 08/08/2015 - 02:26:28: SourceMod log file session started (file "L20150808.log") (Version "1.7.2")
L 08/08/2015 - 02:26:28: -------- Mapchange to de_inferno --------
L 08/08/2015 - 02:26:28: [basecommands.smx] "Console<0><Console><Console>" changed cvar (cvar "sv_maxcmdrate") (value "128")
L 08/08/2015 - 05:36:03: -------- Mapchange to de_inferno --------
L 08/08/2015 - 05:36:03: [basecommands.smx] "Console<0><Console><Console>" changed cvar (cvar "sv_maxcmdrate") (value "128")
L 08/08/2015 - 12:26:54: -------- Mapchange to de_inferno --------
L 08/08/2015 - 12:26:55: [basecommands.smx] "Console<0><Console><Console>" changed cvar (cvar "sv_maxcmdrate") (value "128")
L 08/08/2015 - 15:58:57: -------- Mapchange to de_inferno --------
L 08/08/2015 - 15:58:58: [basecommands.smx] "Console<0><Console><Console>" changed cvar (cvar "sv_maxcmdrate") (value "128")
L 08/08/2015 - 16:10:00: -------- Mapchange to de_inferno --------
L 08/08/2015 - 16:10:00: [basecommands.smx] "Console<0><Console><Console>" changed cvar (cvar "sv_maxcmdrate") (value "128")
L 08/08/2015 - 16:55:27: -------- Mapchange to de_inferno --------
L 08/08/2015 - 16:55:27: [basecommands.smx] "Console<0><Console><Console>" changed cvar (cvar "sv_maxcmdrate") (value "128")
L 08/08/2015 - 17:11:25: [mapchooser.smx] Voting for next map has started.
L 08/08/2015 - 17:11:29: [mapchooser.smx] Voting for next map has finished. Nextmap: de_cbble.
L 08/08/2015 - 17:14:00: [SM] Changed map to "de_cbble"
L 08/08/2015 - 17:14:05: -------- Mapchange to de_cbble --------
L 08/08/2015 - 17:14:05: [basecommands.smx] "Console<0><Console><Console>" changed cvar (cvar "sv_maxcmdrate") (value "128")
L 08/08/2015 - 17:29:12: [mapchooser.smx] Voting for next map has started.
L 08/08/2015 - 17:29:15: [mapchooser.smx] Voting for next map has finished. Nextmap: de_overpass.
L 08/08/2015 - 17:30:23: [basechat.smx] "ILL R<214><STEAM_1:1:32312184><>" triggered sm_chat (text knife)
L 08/08/2015 - 17:30:24: [SM] Changed map to "de_overpass"
L 08/08/2015 - 17:30:30: -------- Mapchange to de_overpass --------
L 08/08/2015 - 17:30:30: [basecommands.smx] "Console<0><Console><Console>" changed cvar (cvar "sv_maxcmdrate") (value "128")
L 08/08/2015 - 17:46:22: [mapchooser.smx] Voting for next map has started.
L 08/08/2015 - 17:46:27: [mapchooser.smx] Voting for next map has finished. Nextmap: de_cache.
L 08/08/2015 - 17:48:06: [SM] Changed map to "de_cache"
L 08/08/2015 - 17:48:15: -------- Mapchange to de_cache --------
L 08/08/2015 - 17:48:15: [basecommands.smx] "Console<0><Console><Console>" changed cvar (cvar "sv_maxcmdrate") (value "128")
L 08/08/2015 - 18:04:45: [mapchooser.smx] Voting for next map has started.
L 08/08/2015 - 18:04:53: [mapchooser.smx] Voting for next map has finished. Nextmap: de_dust2.
L 08/08/2015 - 18:06:19: [SM] Changed map to "de_dust2"
L 08/08/2015 - 18:06:23: -------- Mapchange to de_dust2 --------
L 08/08/2015 - 18:06:23: [basecommands.smx] "Console<0><Console><Console>" changed cvar (cvar "sv_maxcmdrate") (value "128")
L 08/08/2015 - 18:20:53: [mapchooser.smx] Voting for next map has started.
L 08/08/2015 - 18:21:00: [mapchooser.smx] Voting for next map has finished. Nextmap: de_mirage.
L 08/08/2015 - 18:23:03: [SM] Changed map to "de_mirage"
L 08/08/2015 - 18:23:07: -------- Mapchange to de_mirage --------
L 08/08/2015 - 18:23:07: [basecommands.smx] "Console<0><Console><Console>" changed cvar (cvar "sv_maxcmdrate") (value "128")
L 08/08/2015 - 18:37:12: -------- Mapchange to de_mirage --------
L 08/08/2015 - 18:37:12: [basecommands.smx] "Console<0><Console><Console>" changed cvar (cvar "sv_maxcmdrate") (value "128")
L 08/08/2015 - 18:44:31: -------- Mapchange to de_mirage --------
L 08/08/2015 - 18:44:31: [basecommands.smx] "Console<0><Console><Console>" changed cvar (cvar "sv_maxcmdrate") (value "128")
L 08/08/2015 - 19:04:08: -------- Mapchange to de_mirage --------
L 08/08/2015 - 19:04:08: [basecommands.smx] "Console<0><Console><Console>" changed cvar (cvar "sv_maxcmdrate") (value "128")
L 08/08/2015 - 19:21:25: [mapchooser.smx] Voting for next map has started.
L 08/08/2015 - 19:21:45: [mapchooser.smx] Voting for next map has finished. Nextmap: de_cbble.
L 08/08/2015 - 19:23:52: [SM] Changed map to "de_cbble"
L 08/08/2015 - 19:23:53: -------- Mapchange to de_cbble --------
L 08/08/2015 - 19:23:53: [basecommands.smx] "Console<0><Console><Console>" changed cvar (cvar "sv_maxcmdrate") (value "128")
L 08/08/2015 - 20:46:14: -------- Mapchange to de_cbble --------
L 08/08/2015 - 20:46:14: [basecommands.smx] "Console<0><Console><Console>" changed cvar (cvar "sv_maxcmdrate") (value "128")
L 08/08/2015 - 20:49:19: -------- Mapchange to de_cbble --------
L 08/08/2015 - 20:49:19: [basecommands.smx] "Console<0><Console><Console>" changed cvar (cvar "sv_maxcmdrate") (value "128")
L 08/08/2015 - 20:55:03: -------- Mapchange to de_cbble --------
L 08/08/2015 - 20:55:03: [basecommands.smx] "Console<0><Console><Console>" changed cvar (cvar "sv_maxcmdrate") (value "128")
L 08/08/2015 - 21:15:36: -------- Mapchange to de_cbble --------
L 08/08/2015 - 21:15:36: [basecommands.smx] "Console<0><Console><Console>" changed cvar (cvar "sv_maxcmdrate") (value "128")
L 08/08/2015 - 21:30:15: [mapchooser.smx] Voting for next map has started.
L 08/08/2015 - 21:30:35: [mapchooser.smx] Voting for next map has finished. Nextmap: de_cache.
L 08/08/2015 - 21:32:05: [SM] Changed map to "de_cache"
L 08/08/2015 - 21:32:06: -------- Mapchange to de_cache --------
L 08/08/2015 - 21:32:06: [basecommands.smx] "Console<0><Console><Console>" changed cvar (cvar "sv_maxcmdrate") (value "128")
L 08/08/2015 - 23:25:13: -------- Mapchange to de_cache --------
L 08/08/2015 - 23:25:14: [basecommands.smx] "Console<0><Console><Console>" changed cvar (cvar "sv_maxcmdrate") (value "128")
