L 07/19/2015 - 00:10:50: SourceMod log file session started (file "L20150719.log") (Version "1.7.2")
L 07/19/2015 - 00:10:50: -------- Mapchange to de_train --------
L 07/19/2015 - 03:24:03: SourceMod log file session started (file "L20150719.log") (Version "1.7.2")
L 07/19/2015 - 03:24:03: -------- Mapchange to de_dust2 --------
L 07/19/2015 - 03:25:39: -------- Mapchange to de_dust2 --------
L 07/19/2015 - 03:25:45: [randomcycle.smx] RandomCycle has chosen de_train for the nextmap.
L 07/19/2015 - 10:17:23: -------- Mapchange to de_dust2 --------
L 07/19/2015 - 10:17:39: [randomcycle.smx] RandomCycle has chosen de_train for the nextmap.
L 07/19/2015 - 10:26:35: -------- Mapchange to de_dust2 --------
L 07/19/2015 - 10:26:41: [randomcycle.smx] RandomCycle has chosen cs_office for the nextmap.
L 07/19/2015 - 12:56:04: -------- Mapchange to de_dust2 --------
L 07/19/2015 - 12:56:11: [randomcycle.smx] RandomCycle has chosen de_inferno for the nextmap.
L 07/19/2015 - 13:03:11: [mapchooser.smx] Voting for next map has started.
L 07/19/2015 - 13:03:20: [mapchooser.smx] Voting for next map has finished. Nextmap: de_nuke.
L 07/19/2015 - 13:05:17: [SM] Changed map to "de_nuke"
L 07/19/2015 - 13:05:22: -------- Mapchange to de_nuke --------
L 07/19/2015 - 13:05:30: [randomcycle.smx] RandomCycle has chosen de_aztec for the nextmap.
L 07/19/2015 - 13:12:30: [mapchooser.smx] Voting for next map has started.
L 07/19/2015 - 13:12:37: [mapchooser.smx] Voting for next map has finished. Nextmap: ar_baggage.
L 07/19/2015 - 13:13:57: [SM] Changed map to "ar_baggage"
L 07/19/2015 - 13:13:59: -------- Mapchange to ar_baggage --------
L 07/19/2015 - 13:14:06: [randomcycle.smx] RandomCycle has chosen cs_italy for the nextmap.
L 07/19/2015 - 13:15:36: [mapchooser.smx] Starting map vote because outside request
L 07/19/2015 - 13:15:36: [mapchooser.smx] Voting for next map has started.
L 07/19/2015 - 13:15:51: [mapchooser.smx] Voting for next map has finished. Nextmap: de_inferno.
L 07/19/2015 - 13:15:56: [SM] Changed map to "de_inferno"
L 07/19/2015 - 13:15:57: -------- Mapchange to de_inferno --------
L 07/19/2015 - 13:16:04: [randomcycle.smx] RandomCycle has chosen cs_italy for the nextmap.
L 07/19/2015 - 13:23:12: [mapchooser.smx] Voting for next map has started.
L 07/19/2015 - 13:23:33: [mapchooser.smx] Voting for next map has finished. Nextmap: de_bank.
L 07/19/2015 - 13:24:02: [rockthevote.smx] RTV changing map manually
L 07/19/2015 - 13:24:02: [SM] Changed map to "de_bank"
L 07/19/2015 - 13:24:08: -------- Mapchange to de_bank --------
L 07/19/2015 - 13:24:14: [randomcycle.smx] RandomCycle has chosen cs_office for the nextmap.
L 07/19/2015 - 13:25:03: [mapchooser.smx] Starting map vote because outside request
L 07/19/2015 - 13:25:03: [mapchooser.smx] Voting for next map has started.
L 07/19/2015 - 13:25:17: [mapchooser.smx] Voting for next map has finished. Nextmap: de_train.
L 07/19/2015 - 13:25:28: [SM] Changed map to "de_train"
L 07/19/2015 - 13:25:29: -------- Mapchange to de_train --------
L 07/19/2015 - 13:25:36: [randomcycle.smx] RandomCycle has chosen de_dust for the nextmap.
L 07/19/2015 - 13:32:59: [mapchooser.smx] Voting for next map has started.
L 07/19/2015 - 13:33:19: [mapchooser.smx] Voting for next map has finished. Nextmap: de_aztec.
L 07/19/2015 - 13:34:34: [SM] Changed map to "de_aztec"
L 07/19/2015 - 13:34:35: -------- Mapchange to de_aztec --------
L 07/19/2015 - 13:34:41: [randomcycle.smx] RandomCycle has chosen de_train for the nextmap.
L 07/19/2015 - 13:41:27: [mapchooser.smx] Voting for next map has started.
L 07/19/2015 - 13:41:36: [mapchooser.smx] Voting for next map has finished. Nextmap: de_dust.
L 07/19/2015 - 13:43:08: [SM] Changed map to "de_dust"
L 07/19/2015 - 13:43:10: -------- Mapchange to de_dust --------
L 07/19/2015 - 13:43:16: [randomcycle.smx] RandomCycle has chosen de_train for the nextmap.
L 07/19/2015 - 13:50:05: [mapchooser.smx] Voting for next map has started.
L 07/19/2015 - 13:50:13: [mapchooser.smx] Voting for next map has finished. Nextmap: de_lake.
L 07/19/2015 - 13:50:40: [rockthevote.smx] RTV changing map manually
L 07/19/2015 - 13:50:40: [SM] Changed map to "de_lake"
L 07/19/2015 - 13:50:44: -------- Mapchange to de_lake --------
L 07/19/2015 - 13:50:51: [randomcycle.smx] RandomCycle has chosen de_dust for the nextmap.
L 07/19/2015 - 16:06:20: -------- Mapchange to de_lake --------
L 07/19/2015 - 16:06:26: [randomcycle.smx] RandomCycle has chosen de_dust for the nextmap.
L 07/19/2015 - 16:06:44: [basecommands.smx] "cowelele<17><STEAM_1:0:27456117><>" changed map to "de_cache"
L 07/19/2015 - 16:06:47: [SM] Changed map to "de_cache"
L 07/19/2015 - 16:06:52: -------- Mapchange to de_cache --------
L 07/19/2015 - 16:06:59: [randomcycle.smx] RandomCycle has chosen de_inferno for the nextmap.
L 07/19/2015 - 16:13:57: [mapchooser.smx] Voting for next map has started.
L 07/19/2015 - 16:13:58: [mapchooser.smx] Voting for next map has finished. Nextmap: de_shorttrain.
L 07/19/2015 - 16:16:17: [basecommands.smx] "cowelele<17><STEAM_1:0:27456117><>" changed map to "de_inferno"
L 07/19/2015 - 16:16:19: [SM] Changed map to "de_shorttrain"
L 07/19/2015 - 16:16:21: -------- Mapchange to de_shorttrain --------
L 07/19/2015 - 16:16:23: [SM] Changed map to "de_inferno"
L 07/19/2015 - 16:16:24: -------- Mapchange to de_inferno --------
L 07/19/2015 - 16:16:29: [randomcycle.smx] RandomCycle has chosen de_dust for the nextmap.
L 07/19/2015 - 16:16:30: [randomcycle.smx] RandomCycle has chosen de_aztec for the nextmap.
L 07/19/2015 - 16:23:22: [mapchooser.smx] Voting for next map has started.
L 07/19/2015 - 16:23:34: [mapchooser.smx] Voting for next map has finished. Nextmap: de_safehouse.
L 07/19/2015 - 16:24:38: [basecommands.smx] "cowelele<17><STEAM_1:0:27456117><>" changed map to "de_dust2"
L 07/19/2015 - 16:24:41: [SM] Changed map to "de_dust2"
L 07/19/2015 - 16:24:41: -------- Mapchange to de_dust2 --------
L 07/19/2015 - 16:24:48: [randomcycle.smx] RandomCycle has chosen de_nuke for the nextmap.
L 07/19/2015 - 16:30:10: [mapchooser.smx] Voting for next map has started.
L 07/19/2015 - 17:40:28: -------- Mapchange to de_dust2 --------
L 07/19/2015 - 17:40:34: [randomcycle.smx] RandomCycle has chosen de_nuke for the nextmap.
L 07/19/2015 - 17:41:39: [mapchooser.smx] Starting map vote because outside request
L 07/19/2015 - 17:41:39: [mapchooser.smx] Voting for next map has started.
L 07/19/2015 - 17:41:48: [mapchooser.smx] Voting for next map has finished. 'No Change' was the winner
L 07/19/2015 - 17:46:31: -------- Mapchange to de_dust2 --------
L 07/19/2015 - 17:46:37: [randomcycle.smx] RandomCycle has chosen de_dust2 for the nextmap.
L 07/19/2015 - 17:53:21: [mapchooser.smx] Voting for next map has started.
L 07/19/2015 - 17:53:33: [mapchooser.smx] Voting for next map has finished. Nextmap: ar_baggage.
L 07/19/2015 - 18:17:48: -------- Mapchange to de_dust2 --------
L 07/19/2015 - 18:17:54: [randomcycle.smx] RandomCycle has chosen de_inferno for the nextmap.
L 07/19/2015 - 19:01:32: -------- Mapchange to de_dust2 --------
L 07/19/2015 - 19:01:38: [randomcycle.smx] RandomCycle has chosen de_dust2 for the nextmap.
L 07/19/2015 - 19:06:42: [mapchooser.smx] Voting for next map has started.
L 07/19/2015 - 19:06:52: [mapchooser.smx] Voting for next map has finished. Nextmap: de_train.
L 07/19/2015 - 19:08:38: [SM] Changed map to "de_train"
L 07/19/2015 - 19:08:39: -------- Mapchange to de_train --------
L 07/19/2015 - 19:08:46: [randomcycle.smx] RandomCycle has chosen de_train for the nextmap.
L 07/19/2015 - 19:16:04: [mapchooser.smx] Voting for next map has started.
L 07/19/2015 - 19:16:22: [mapchooser.smx] Voting for next map has finished. Nextmap: cs_office.
L 07/19/2015 - 20:27:09: -------- Mapchange to de_train --------
L 07/19/2015 - 20:27:16: [randomcycle.smx] RandomCycle has chosen de_dust for the nextmap.
L 07/19/2015 - 20:33:55: [mapchooser.smx] Voting for next map has started.
L 07/19/2015 - 20:34:04: [mapchooser.smx] Voting for next map has finished. Nextmap: de_sugarcane.
L 07/19/2015 - 20:35:37: [SM] Changed map to "de_sugarcane"
L 07/19/2015 - 20:35:42: -------- Mapchange to de_sugarcane --------
L 07/19/2015 - 20:35:49: [randomcycle.smx] RandomCycle has chosen cs_office for the nextmap.
L 07/19/2015 - 20:56:05: -------- Mapchange to de_sugarcane --------
L 07/19/2015 - 20:56:11: [randomcycle.smx] RandomCycle has chosen cs_italy for the nextmap.
