L 08/12/2015 - 16:37:56: SourceMod log file session started (file "L20150812.log") (Version "1.7.2")
L 08/12/2015 - 16:37:56: -------- Mapchange to de_cache --------
L 08/12/2015 - 16:38:00: [basecommands.smx] "Console<0><Console><Console>" changed cvar (cvar "sv_maxcmdrate") (value "128")
L 08/12/2015 - 16:53:23: [mapchooser.smx] Voting for next map has started.
L 08/12/2015 - 16:53:27: [mapchooser.smx] Voting for next map has finished. Nextmap: de_mirage.
L 08/12/2015 - 16:55:09: [SM] Changed map to "de_mirage"
L 08/12/2015 - 16:55:13: -------- Mapchange to de_mirage --------
L 08/12/2015 - 16:55:13: [basecommands.smx] "Console<0><Console><Console>" changed cvar (cvar "sv_maxcmdrate") (value "128")
L 08/12/2015 - 18:26:16: -------- Mapchange to de_mirage --------
L 08/12/2015 - 18:26:16: [basecommands.smx] "Console<0><Console><Console>" changed cvar (cvar "sv_maxcmdrate") (value "128")
L 08/12/2015 - 19:00:24: -------- Mapchange to de_mirage --------
L 08/12/2015 - 19:00:24: [basecommands.smx] "Console<0><Console><Console>" changed cvar (cvar "sv_maxcmdrate") (value "128")
L 08/12/2015 - 19:31:29: -------- Mapchange to de_mirage --------
L 08/12/2015 - 19:31:30: [basecommands.smx] "Console<0><Console><Console>" changed cvar (cvar "sv_maxcmdrate") (value "128")
L 08/12/2015 - 22:01:29: -------- Mapchange to de_mirage --------
L 08/12/2015 - 22:01:29: [basecommands.smx] "Console<0><Console><Console>" changed cvar (cvar "sv_maxcmdrate") (value "128")
L 08/12/2015 - 22:14:20: [mapchooser.smx] Voting for next map has started.
L 08/12/2015 - 22:14:24: [mapchooser.smx] Voting for next map has finished. Nextmap: de_inferno.
L 08/12/2015 - 22:16:06: [SM] Changed map to "de_inferno"
L 08/12/2015 - 22:16:09: -------- Mapchange to de_inferno --------
L 08/12/2015 - 22:16:09: [basecommands.smx] "Console<0><Console><Console>" changed cvar (cvar "sv_maxcmdrate") (value "128")
L 08/12/2015 - 22:18:48: -------- Mapchange to de_inferno --------
L 08/12/2015 - 22:18:48: [basecommands.smx] "Console<0><Console><Console>" changed cvar (cvar "sv_maxcmdrate") (value "128")
L 08/12/2015 - 23:43:40: -------- Mapchange to de_inferno --------
L 08/12/2015 - 23:43:40: [basecommands.smx] "Console<0><Console><Console>" changed cvar (cvar "sv_maxcmdrate") (value "128")
L 08/12/2015 - 23:55:52: [mapchooser.smx] Voting for next map has started.
L 08/12/2015 - 23:56:12: [mapchooser.smx] Voting for next map has finished. Nextmap: de_dust2.
