L 08/01/2015 - 15:07:43: SourceMod log file session started (file "L20150801.log") (Version "1.7.2")
L 08/01/2015 - 15:07:43: -------- Mapchange to de_dust2 --------
L 08/01/2015 - 15:14:35: -------- Mapchange to de_dust2 --------
L 08/01/2015 - 15:14:36: [UPDATER] Successfully updated gamedata file "sdktools.games/engine.insurgency.txt"
L 08/01/2015 - 15:14:36: [UPDATER] SourceMod has been updated, please reload it or restart your server.
L 08/01/2015 - 15:14:42: [randomcycle.smx] RandomCycle has chosen de_aztec for the nextmap.
L 08/01/2015 - 16:24:06: SourceMod log file session started (file "L20150801.log") (Version "1.7.2")
L 08/01/2015 - 16:24:06: -------- Mapchange to de_dust2 --------
L 08/01/2015 - 16:24:59: -------- Mapchange to de_dust2 --------
L 08/01/2015 - 16:25:05: [randomcycle.smx] RandomCycle has chosen de_nuke for the nextmap.
L 08/01/2015 - 16:34:58: [mapchooser.smx] Voting for next map has started.
L 08/01/2015 - 16:35:09: [mapchooser.smx] Voting for next map has finished. Nextmap: cs_italy.
L 08/01/2015 - 16:37:22: [SM] Changed map to "cs_italy"
L 08/01/2015 - 16:37:28: -------- Mapchange to cs_italy --------
L 08/01/2015 - 16:37:36: [randomcycle.smx] RandomCycle has chosen de_inferno for the nextmap.
L 08/01/2015 - 16:37:42: [basecommands.smx] "PECKS^^<3><STEAM_1:1:58827466><>" changed map to "de_cache"
L 08/01/2015 - 16:37:45: [SM] Changed map to "de_cache"
L 08/01/2015 - 16:37:54: -------- Mapchange to de_cache --------
L 08/01/2015 - 16:38:01: [randomcycle.smx] RandomCycle has chosen de_nuke for the nextmap.
L 08/01/2015 - 17:08:29: -------- Mapchange to de_cache --------
L 08/01/2015 - 17:08:36: [randomcycle.smx] RandomCycle has chosen de_train for the nextmap.
L 08/01/2015 - 18:56:09: -------- Mapchange to de_cache --------
L 08/01/2015 - 18:56:15: [randomcycle.smx] RandomCycle has chosen de_aztec for the nextmap.
L 08/01/2015 - 19:10:06: [mapchooser.smx] Voting for next map has started.
L 08/01/2015 - 19:10:14: [mapchooser.smx] Voting for next map has finished. Nextmap: de_stmarc.
L 08/01/2015 - 19:12:17: [SM] Changed map to "de_stmarc"
L 08/01/2015 - 19:12:22: -------- Mapchange to de_stmarc --------
L 08/01/2015 - 19:12:29: [randomcycle.smx] RandomCycle has chosen de_dust for the nextmap.
L 08/01/2015 - 19:13:36: [mapchooser.smx] Starting map vote because outside request
L 08/01/2015 - 19:13:36: [mapchooser.smx] Voting for next map has started.
L 08/01/2015 - 19:13:39: [mapchooser.smx] Voting for next map has finished. Nextmap: de_dust.
L 08/01/2015 - 19:13:47: [SM] Changed map to "de_dust"
L 08/01/2015 - 19:13:49: -------- Mapchange to de_dust --------
L 08/01/2015 - 19:13:56: [randomcycle.smx] RandomCycle has chosen de_dust2 for the nextmap.
L 08/01/2015 - 19:28:03: [mapchooser.smx] Voting for next map has started.
L 08/01/2015 - 19:28:07: [mapchooser.smx] Voting for next map has finished. Nextmap: de_dust2.
L 08/01/2015 - 19:30:02: [SM] Changed map to "de_dust2"
L 08/01/2015 - 19:30:03: -------- Mapchange to de_dust2 --------
L 08/01/2015 - 19:30:09: [randomcycle.smx] RandomCycle has chosen de_train for the nextmap.
L 08/01/2015 - 19:42:44: [mapchooser.smx] Voting for next map has started.
L 08/01/2015 - 19:42:49: [mapchooser.smx] Voting for next map has finished. Nextmap: cs_italy.
L 08/01/2015 - 19:44:00: [SM] Changed map to "cs_italy"
L 08/01/2015 - 19:44:01: -------- Mapchange to cs_italy --------
L 08/01/2015 - 19:44:06: -------- Mapchange to cs_italy --------
L 08/01/2015 - 19:44:10: [randomcycle.smx] RandomCycle has chosen de_dust for the nextmap.
L 08/01/2015 - 19:44:13: [randomcycle.smx] RandomCycle has chosen de_train for the nextmap.
L 08/01/2015 - 19:53:18: SourceMod log file session started (file "L20150801.log") (Version "1.7.2")
L 08/01/2015 - 19:53:18: -------- Mapchange to de_dust2 --------
L 08/01/2015 - 19:54:01: -------- Mapchange to de_dust2 --------
L 08/01/2015 - 20:03:46: SourceMod log file session started (file "L20150801.log") (Version "1.7.2")
L 08/01/2015 - 20:03:46: -------- Mapchange to de_dust2 --------
L 08/01/2015 - 20:04:11: -------- Mapchange to de_dust2 --------
L 08/01/2015 - 20:14:31: SourceMod log file session started (file "L20150801.log") (Version "1.7.2")
L 08/01/2015 - 20:14:31: -------- Mapchange to de_dust2 --------
L 08/01/2015 - 20:14:32: [basecommands.smx] "Console<0><Console><Console>" changed cvar (cvar "sv_maxcmdrate") (value "128")
L 08/01/2015 - 23:39:09: -------- Mapchange to de_dust2 --------
L 08/01/2015 - 23:39:09: [basecommands.smx] "Console<0><Console><Console>" changed cvar (cvar "sv_maxcmdrate") (value "128")
L 08/01/2015 - 23:54:08: [mapchooser.smx] Voting for next map has started.
L 08/01/2015 - 23:54:13: [mapchooser.smx] Voting for next map has finished. Nextmap: de_overpass.
L 08/01/2015 - 23:55:41: [SM] Changed map to "de_overpass"
L 08/01/2015 - 23:55:48: -------- Mapchange to de_overpass --------
L 08/01/2015 - 23:55:48: [basecommands.smx] "Console<0><Console><Console>" changed cvar (cvar "sv_maxcmdrate") (value "128")
