L 08/09/2015 - 11:42:37: SourceMod log file session started (file "L20150809.log") (Version "1.7.2")
L 08/09/2015 - 11:42:37: -------- Mapchange to de_cache --------
L 08/09/2015 - 11:42:43: [basecommands.smx] "Console<0><Console><Console>" changed cvar (cvar "sv_maxcmdrate") (value "128")
L 08/09/2015 - 18:29:06: -------- Mapchange to de_cache --------
L 08/09/2015 - 18:29:06: [basecommands.smx] "Console<0><Console><Console>" changed cvar (cvar "sv_maxcmdrate") (value "128")
L 08/09/2015 - 18:54:13: -------- Mapchange to de_cache --------
L 08/09/2015 - 18:54:13: [basecommands.smx] "Console<0><Console><Console>" changed cvar (cvar "sv_maxcmdrate") (value "128")
L 08/09/2015 - 19:07:44: [mapchooser.smx] Voting for next map has started.
L 08/09/2015 - 19:07:47: [mapchooser.smx] Voting for next map has finished. Nextmap: de_inferno.
L 08/09/2015 - 20:03:42: -------- Mapchange to de_cache --------
L 08/09/2015 - 20:03:42: [basecommands.smx] "Console<0><Console><Console>" changed cvar (cvar "sv_maxcmdrate") (value "128")
L 08/09/2015 - 20:17:11: [mapchooser.smx] Voting for next map has started.
L 08/09/2015 - 20:17:16: [mapchooser.smx] Voting for next map has finished. Nextmap: de_train.
L 08/09/2015 - 20:20:00: [SM] Changed map to "de_train"
L 08/09/2015 - 20:20:08: -------- Mapchange to de_train --------
L 08/09/2015 - 20:20:08: [basecommands.smx] "Console<0><Console><Console>" changed cvar (cvar "sv_maxcmdrate") (value "128")
L 08/09/2015 - 20:37:21: [mapchooser.smx] Voting for next map has started.
L 08/09/2015 - 20:37:29: [mapchooser.smx] Voting for next map has finished. Nextmap: de_overpass.
L 08/09/2015 - 20:39:19: [SM] Changed map to "de_overpass"
L 08/09/2015 - 20:39:26: -------- Mapchange to de_overpass --------
L 08/09/2015 - 20:39:26: [basecommands.smx] "Console<0><Console><Console>" changed cvar (cvar "sv_maxcmdrate") (value "128")
L 08/09/2015 - 20:40:06: -------- Mapchange to de_train --------
L 08/09/2015 - 20:40:06: [basecommands.smx] "Console<0><Console><Console>" changed cvar (cvar "sv_maxcmdrate") (value "128")
L 08/09/2015 - 20:55:01: [mapchooser.smx] Voting for next map has started.
L 08/09/2015 - 20:55:06: [mapchooser.smx] Voting for next map has finished. Nextmap: de_cbble.
L 08/09/2015 - 20:56:21: [SM] Changed map to "de_cbble"
L 08/09/2015 - 20:56:28: -------- Mapchange to de_cbble --------
L 08/09/2015 - 20:56:28: [basecommands.smx] "Console<0><Console><Console>" changed cvar (cvar "sv_maxcmdrate") (value "128")
