L 08/04/2015 - 17:07:01: SourceMod log file session started (file "L20150804.log") (Version "1.7.2")
L 08/04/2015 - 17:07:01: -------- Mapchange to de_nuke --------
L 08/04/2015 - 17:07:01: [basecommands.smx] "Console<0><Console><Console>" changed cvar (cvar "sv_maxcmdrate") (value "128")
L 08/04/2015 - 18:15:51: -------- Mapchange to de_nuke --------
L 08/04/2015 - 18:15:52: [basecommands.smx] "Console<0><Console><Console>" changed cvar (cvar "sv_maxcmdrate") (value "128")
L 08/04/2015 - 18:18:47: [mapchooser.smx] Starting map vote because outside request
L 08/04/2015 - 18:18:47: [mapchooser.smx] Voting for next map has started.
L 08/04/2015 - 18:18:55: [mapchooser.smx] Voting for next map has finished. Nextmap: de_dust2.
L 08/04/2015 - 18:19:24: [SM] Changed map to "de_dust2"
L 08/04/2015 - 18:19:27: -------- Mapchange to de_dust2 --------
L 08/04/2015 - 18:19:27: [basecommands.smx] "Console<0><Console><Console>" changed cvar (cvar "sv_maxcmdrate") (value "128")
L 08/04/2015 - 18:33:47: [mapchooser.smx] Voting for next map has started.
L 08/04/2015 - 18:34:06: [mapchooser.smx] Voting for next map has finished. Nextmap: de_inferno.
L 08/04/2015 - 18:35:28: [SM] Changed map to "de_inferno"
L 08/04/2015 - 18:35:31: -------- Mapchange to de_inferno --------
L 08/04/2015 - 18:35:31: [basecommands.smx] "Console<0><Console><Console>" changed cvar (cvar "sv_maxcmdrate") (value "128")
L 08/04/2015 - 18:51:30: [mapchooser.smx] Voting for next map has started.
L 08/04/2015 - 18:51:50: [mapchooser.smx] Voting for next map has finished. Nextmap: de_cache.
L 08/04/2015 - 20:17:18: -------- Mapchange to de_inferno --------
L 08/04/2015 - 20:17:18: [basecommands.smx] "Console<0><Console><Console>" changed cvar (cvar "sv_maxcmdrate") (value "128")
