L 08/07/2015 - 05:28:23: SourceMod log file session started (file "L20150807.log") (Version "1.7.2")
L 08/07/2015 - 05:28:23: -------- Mapchange to de_train --------
L 08/07/2015 - 05:28:23: [basecommands.smx] "Console<0><Console><Console>" changed cvar (cvar "sv_maxcmdrate") (value "128")
L 08/07/2015 - 17:16:40: -------- Mapchange to de_train --------
L 08/07/2015 - 17:16:43: [basecommands.smx] "Console<0><Console><Console>" changed cvar (cvar "sv_maxcmdrate") (value "128")
L 08/07/2015 - 18:02:34: -------- Mapchange to de_train --------
L 08/07/2015 - 18:02:34: [basecommands.smx] "Console<0><Console><Console>" changed cvar (cvar "sv_maxcmdrate") (value "128")
L 08/07/2015 - 18:45:25: -------- Mapchange to de_train --------
L 08/07/2015 - 18:45:25: [basecommands.smx] "Console<0><Console><Console>" changed cvar (cvar "sv_maxcmdrate") (value "128")
L 08/07/2015 - 18:51:47: [mapchooser.smx] Starting map vote because outside request
L 08/07/2015 - 18:51:47: [mapchooser.smx] Voting for next map has started.
L 08/07/2015 - 18:51:50: [mapchooser.smx] Voting for next map has finished. Nextmap: de_overpass.
L 08/07/2015 - 18:52:06: [SM] Changed map to "de_overpass"
L 08/07/2015 - 18:52:16: -------- Mapchange to de_overpass --------
L 08/07/2015 - 18:52:16: [basecommands.smx] "Console<0><Console><Console>" changed cvar (cvar "sv_maxcmdrate") (value "128")
L 08/07/2015 - 19:05:06: [mapchooser.smx] Starting map vote because outside request
L 08/07/2015 - 19:05:06: [mapchooser.smx] Voting for next map has started.
L 08/07/2015 - 19:05:07: [mapchooser.smx] Voting for next map has finished. Nextmap: de_mirage.
L 08/07/2015 - 19:05:13: [SM] Changed map to "de_mirage"
L 08/07/2015 - 19:05:15: -------- Mapchange to de_mirage --------
L 08/07/2015 - 19:05:16: [basecommands.smx] "Console<0><Console><Console>" changed cvar (cvar "sv_maxcmdrate") (value "128")
L 08/07/2015 - 19:41:03: -------- Mapchange to de_mirage --------
L 08/07/2015 - 19:41:03: [basecommands.smx] "Console<0><Console><Console>" changed cvar (cvar "sv_maxcmdrate") (value "128")
L 08/07/2015 - 19:57:03: [mapchooser.smx] Voting for next map has started.
L 08/07/2015 - 19:57:09: [mapchooser.smx] Voting for next map has finished. Nextmap: de_dust2.
L 08/07/2015 - 19:59:24: [SM] Changed map to "de_dust2"
L 08/07/2015 - 19:59:27: -------- Mapchange to de_dust2 --------
L 08/07/2015 - 19:59:28: [basecommands.smx] "Console<0><Console><Console>" changed cvar (cvar "sv_maxcmdrate") (value "128")
L 08/07/2015 - 20:14:28: [mapchooser.smx] Voting for next map has started.
L 08/07/2015 - 20:14:42: [mapchooser.smx] Voting for next map has finished. Nextmap: de_inferno.
L 08/07/2015 - 20:16:26: [SM] Changed map to "de_inferno"
L 08/07/2015 - 20:16:29: -------- Mapchange to de_inferno --------
L 08/07/2015 - 20:16:29: [basecommands.smx] "Console<0><Console><Console>" changed cvar (cvar "sv_maxcmdrate") (value "128")
