L 08/17/2015 - 09:04:43: SourceMod log file session started (file "L20150817.log") (Version "1.7.2")
L 08/17/2015 - 09:04:43: -------- Mapchange to de_mirage --------
L 08/17/2015 - 09:04:45: [basecommands.smx] "Console<0><Console><Console>" changed cvar (cvar "sv_maxcmdrate") (value "128")
L 08/17/2015 - 16:01:20: -------- Mapchange to de_mirage --------
L 08/17/2015 - 16:01:20: [basecommands.smx] "Console<0><Console><Console>" changed cvar (cvar "sv_maxcmdrate") (value "128")
L 08/17/2015 - 16:10:58: [mapchooser.smx] Starting map vote because outside request
L 08/17/2015 - 16:10:58: [mapchooser.smx] Voting for next map has started.
L 08/17/2015 - 16:11:05: [mapchooser.smx] Voting for next map has finished. Nextmap: de_dust2.
L 08/17/2015 - 16:11:19: [SM] Changed map to "de_dust2"
L 08/17/2015 - 16:11:22: -------- Mapchange to de_dust2 --------
L 08/17/2015 - 16:11:22: [basecommands.smx] "Console<0><Console><Console>" changed cvar (cvar "sv_maxcmdrate") (value "128")
L 08/17/2015 - 16:25:58: [mapchooser.smx] Voting for next map has started.
L 08/17/2015 - 16:26:03: [mapchooser.smx] Voting for next map has finished. Nextmap: de_inferno.
L 08/17/2015 - 16:37:31: -------- Mapchange to de_dust2 --------
L 08/17/2015 - 16:37:31: [basecommands.smx] "Console<0><Console><Console>" changed cvar (cvar "sv_maxcmdrate") (value "128")
L 08/17/2015 - 16:51:33: [mapchooser.smx] Voting for next map has started.
L 08/17/2015 - 16:51:39: [mapchooser.smx] Voting for next map has finished. Nextmap: de_inferno.
L 08/17/2015 - 16:53:44: [SM] Changed map to "de_inferno"
L 08/17/2015 - 16:53:45: -------- Mapchange to de_inferno --------
L 08/17/2015 - 16:53:45: [basecommands.smx] "Console<0><Console><Console>" changed cvar (cvar "sv_maxcmdrate") (value "128")
L 08/17/2015 - 19:10:09: -------- Mapchange to de_inferno --------
L 08/17/2015 - 19:10:09: [basecommands.smx] "Console<0><Console><Console>" changed cvar (cvar "sv_maxcmdrate") (value "128")
L 08/17/2015 - 19:23:36: [mapchooser.smx] Voting for next map has started.
L 08/17/2015 - 19:23:45: [mapchooser.smx] Voting for next map has finished. Nextmap: de_cache.
L 08/17/2015 - 19:25:36: [SM] Changed map to "de_cache"
L 08/17/2015 - 19:25:45: -------- Mapchange to de_cache --------
L 08/17/2015 - 19:25:45: [basecommands.smx] "Console<0><Console><Console>" changed cvar (cvar "sv_maxcmdrate") (value "128")
L 08/17/2015 - 19:40:23: [mapchooser.smx] Voting for next map has started.
L 08/17/2015 - 19:40:30: [mapchooser.smx] Voting for next map has finished. Nextmap: de_train.
L 08/17/2015 - 19:41:59: [SM] Changed map to "de_train"
L 08/17/2015 - 19:42:06: -------- Mapchange to de_train --------
L 08/17/2015 - 19:42:06: [basecommands.smx] "Console<0><Console><Console>" changed cvar (cvar "sv_maxcmdrate") (value "128")
L 08/17/2015 - 19:55:08: [mapchooser.smx] Voting for next map has started.
L 08/17/2015 - 19:55:16: [mapchooser.smx] Voting for next map has finished. Nextmap: de_cbble.
L 08/17/2015 - 19:56:35: [SM] Changed map to "de_cbble"
L 08/17/2015 - 19:56:40: -------- Mapchange to de_cbble --------
L 08/17/2015 - 19:56:40: [basecommands.smx] "Console<0><Console><Console>" changed cvar (cvar "sv_maxcmdrate") (value "128")
L 08/17/2015 - 20:19:18: -------- Mapchange to de_cbble --------
L 08/17/2015 - 20:19:18: [basecommands.smx] "Console<0><Console><Console>" changed cvar (cvar "sv_maxcmdrate") (value "128")
L 08/17/2015 - 21:53:43: -------- Mapchange to de_cbble --------
L 08/17/2015 - 21:53:43: [basecommands.smx] "Console<0><Console><Console>" changed cvar (cvar "sv_maxcmdrate") (value "128")
L 08/17/2015 - 22:06:01: [mapchooser.smx] Voting for next map has started.
L 08/17/2015 - 22:06:08: [mapchooser.smx] Voting for next map has finished. Nextmap: de_overpass.
L 08/17/2015 - 22:08:16: [SM] Changed map to "de_overpass"
L 08/17/2015 - 22:08:21: -------- Mapchange to de_overpass --------
L 08/17/2015 - 22:08:21: [basecommands.smx] "Console<0><Console><Console>" changed cvar (cvar "sv_maxcmdrate") (value "128")
L 08/17/2015 - 22:21:08: [mapchooser.smx] Voting for next map has started.
L 08/17/2015 - 22:21:12: [mapchooser.smx] Voting for next map has finished. Nextmap: de_inferno.
L 08/17/2015 - 22:23:03: [SM] Changed map to "de_inferno"
L 08/17/2015 - 22:23:03: -------- Mapchange to de_inferno --------
L 08/17/2015 - 22:23:04: [basecommands.smx] "Console<0><Console><Console>" changed cvar (cvar "sv_maxcmdrate") (value "128")
L 08/17/2015 - 22:37:05: [mapchooser.smx] Voting for next map has started.
L 08/17/2015 - 22:37:13: [mapchooser.smx] Voting for next map has finished. Nextmap: de_cache.
L 08/17/2015 - 22:38:21: [SM] Changed map to "de_cache"
L 08/17/2015 - 22:38:23: -------- Mapchange to de_cache --------
L 08/17/2015 - 22:38:23: [basecommands.smx] "Console<0><Console><Console>" changed cvar (cvar "sv_maxcmdrate") (value "128")
L 08/17/2015 - 22:52:21: [mapchooser.smx] Voting for next map has started.
L 08/17/2015 - 22:52:41: [mapchooser.smx] Voting for next map has finished. Nextmap: de_mirage.
L 08/17/2015 - 22:53:59: [SM] Changed map to "de_mirage"
L 08/17/2015 - 22:54:00: -------- Mapchange to de_mirage --------
L 08/17/2015 - 22:54:00: [basecommands.smx] "Console<0><Console><Console>" changed cvar (cvar "sv_maxcmdrate") (value "128")
L 08/17/2015 - 23:09:20: [mapchooser.smx] Voting for next map has started.
L 08/17/2015 - 23:09:26: [mapchooser.smx] Voting for next map has finished. Nextmap: de_nuke.
L 08/17/2015 - 23:10:46: [SM] Changed map to "de_nuke"
L 08/17/2015 - 23:10:47: -------- Mapchange to de_nuke --------
L 08/17/2015 - 23:10:47: [basecommands.smx] "Console<0><Console><Console>" changed cvar (cvar "sv_maxcmdrate") (value "128")
L 08/17/2015 - 23:26:19: [mapchooser.smx] Voting for next map has started.
L 08/17/2015 - 23:26:32: [mapchooser.smx] Voting for next map has finished. Nextmap: de_train.
L 08/17/2015 - 23:27:51: [SM] Changed map to "de_train"
L 08/17/2015 - 23:27:52: -------- Mapchange to de_train --------
L 08/17/2015 - 23:27:53: [basecommands.smx] "Console<0><Console><Console>" changed cvar (cvar "sv_maxcmdrate") (value "128")
L 08/17/2015 - 23:45:11: [mapchooser.smx] Voting for next map has started.
L 08/17/2015 - 23:45:32: [mapchooser.smx] Voting for next map has finished. Nextmap: de_cbble.
L 08/17/2015 - 23:47:42: [SM] Changed map to "de_cbble"
L 08/17/2015 - 23:47:43: -------- Mapchange to de_cbble --------
L 08/17/2015 - 23:47:43: [basecommands.smx] "Console<0><Console><Console>" changed cvar (cvar "sv_maxcmdrate") (value "128")
