L 08/03/2015 - 19:14:36: SourceMod log file session started (file "L20150803.log") (Version "1.7.2")
L 08/03/2015 - 19:14:36: -------- Mapchange to de_train --------
L 08/03/2015 - 19:14:38: [basecommands.smx] "Console<0><Console><Console>" changed cvar (cvar "sv_maxcmdrate") (value "128")
L 08/03/2015 - 19:31:53: [mapchooser.smx] Voting for next map has started.
L 08/03/2015 - 19:32:06: [mapchooser.smx] Voting for next map has finished. Nextmap: de_overpass.
L 08/03/2015 - 19:49:59: [SM] Changed map to "de_overpass"
L 08/03/2015 - 19:50:05: -------- Mapchange to de_overpass --------
L 08/03/2015 - 19:50:05: [basecommands.smx] "Console<0><Console><Console>" changed cvar (cvar "sv_maxcmdrate") (value "128")
L 08/03/2015 - 20:05:03: [mapchooser.smx] Voting for next map has started.
L 08/03/2015 - 20:05:23: [mapchooser.smx] Voting for next map has finished. Nextmap: de_inferno.
L 08/03/2015 - 20:06:41: [SM] Changed map to "de_inferno"
L 08/03/2015 - 20:06:45: -------- Mapchange to de_inferno --------
L 08/03/2015 - 20:06:45: [basecommands.smx] "Console<0><Console><Console>" changed cvar (cvar "sv_maxcmdrate") (value "128")
L 08/03/2015 - 20:24:23: [mapchooser.smx] Voting for next map has started.
L 08/03/2015 - 20:24:31: [mapchooser.smx] Voting for next map has finished. Nextmap: de_dust2.
L 08/03/2015 - 20:25:59: [SM] Changed map to "de_dust2"
L 08/03/2015 - 20:26:05: -------- Mapchange to de_dust2 --------
L 08/03/2015 - 20:26:05: [basecommands.smx] "Console<0><Console><Console>" changed cvar (cvar "sv_maxcmdrate") (value "128")
L 08/03/2015 - 20:42:57: [mapchooser.smx] Voting for next map has started.
L 08/03/2015 - 20:43:18: [mapchooser.smx] Voting for next map has finished. Nextmap: de_cbble.
L 08/03/2015 - 20:44:45: [SM] Changed map to "de_cbble"
L 08/03/2015 - 20:44:49: -------- Mapchange to de_cbble --------
L 08/03/2015 - 20:44:49: [basecommands.smx] "Console<0><Console><Console>" changed cvar (cvar "sv_maxcmdrate") (value "128")
L 08/03/2015 - 21:01:33: [mapchooser.smx] Voting for next map has started.
L 08/03/2015 - 21:01:43: [mapchooser.smx] Voting for next map has finished. Nextmap: de_cache.
L 08/03/2015 - 21:03:14: [SM] Changed map to "de_cache"
L 08/03/2015 - 21:03:18: -------- Mapchange to de_cache --------
L 08/03/2015 - 21:03:19: [basecommands.smx] "Console<0><Console><Console>" changed cvar (cvar "sv_maxcmdrate") (value "128")
L 08/03/2015 - 21:19:29: [mapchooser.smx] Voting for next map has started.
L 08/03/2015 - 21:19:35: [mapchooser.smx] Voting for next map has finished. Nextmap: de_mirage.
L 08/03/2015 - 21:20:47: [SM] Changed map to "de_mirage"
L 08/03/2015 - 21:20:50: -------- Mapchange to de_mirage --------
L 08/03/2015 - 21:20:50: [basecommands.smx] "Console<0><Console><Console>" changed cvar (cvar "sv_maxcmdrate") (value "128")
L 08/03/2015 - 21:35:48: [mapchooser.smx] Voting for next map has started.
L 08/03/2015 - 21:35:51: [mapchooser.smx] Voting for next map has finished. Nextmap: de_nuke.
L 08/03/2015 - 21:37:07: [SM] Changed map to "de_nuke"
L 08/03/2015 - 21:37:10: -------- Mapchange to de_nuke --------
L 08/03/2015 - 21:37:10: [basecommands.smx] "Console<0><Console><Console>" changed cvar (cvar "sv_maxcmdrate") (value "128")
