L 07/21/2015 - 00:34:41: SourceMod log file session started (file "L20150721.log") (Version "1.7.2")
L 07/21/2015 - 00:34:41: -------- Mapchange to de_dust --------
L 07/21/2015 - 00:34:47: [randomcycle.smx] RandomCycle has chosen de_nuke for the nextmap.
L 07/21/2015 - 02:27:14: -------- Mapchange to de_dust --------
L 07/21/2015 - 02:27:20: [randomcycle.smx] RandomCycle has chosen de_dust2 for the nextmap.
L 07/21/2015 - 03:16:29: -------- Mapchange to de_dust --------
L 07/21/2015 - 03:16:35: [randomcycle.smx] RandomCycle has chosen de_aztec for the nextmap.
L 07/21/2015 - 08:41:05: -------- Mapchange to de_dust --------
L 07/21/2015 - 08:41:12: [randomcycle.smx] RandomCycle has chosen cs_office for the nextmap.
L 07/21/2015 - 16:20:58: -------- Mapchange to de_dust --------
L 07/21/2015 - 16:21:04: [randomcycle.smx] RandomCycle has chosen de_dust2 for the nextmap.
L 07/21/2015 - 16:22:02: [mapchooser.smx] Starting map vote because outside request
L 07/21/2015 - 16:22:02: [mapchooser.smx] Voting for next map has started.
L 07/21/2015 - 16:22:07: [mapchooser.smx] Voting for next map has finished. Nextmap: de_sugarcane.
L 07/21/2015 - 16:22:25: [SM] Changed map to "de_sugarcane"
L 07/21/2015 - 16:22:29: -------- Mapchange to de_sugarcane --------
L 07/21/2015 - 16:22:36: [randomcycle.smx] RandomCycle has chosen cs_italy for the nextmap.
L 07/21/2015 - 16:23:22: [mapchooser.smx] Starting map vote because outside request
L 07/21/2015 - 16:23:22: [mapchooser.smx] Voting for next map has started.
L 07/21/2015 - 16:23:27: [mapchooser.smx] Voting for next map has finished. Nextmap: de_nuke.
L 07/21/2015 - 16:23:36: [SM] Changed map to "de_nuke"
L 07/21/2015 - 16:23:36: -------- Mapchange to de_nuke --------
L 07/21/2015 - 16:23:43: [randomcycle.smx] RandomCycle has chosen de_nuke for the nextmap.
L 07/21/2015 - 16:28:51: [mapchooser.smx] Voting for next map has started.
L 07/21/2015 - 16:29:12: [mapchooser.smx] Voting for next map has finished. Nextmap: de_dust2.
L 07/21/2015 - 16:30:23: [SM] Changed map to "de_dust2"
L 07/21/2015 - 16:30:24: -------- Mapchange to de_dust2 --------
L 07/21/2015 - 16:30:30: [randomcycle.smx] RandomCycle has chosen de_dust2 for the nextmap.
L 07/21/2015 - 16:37:14: [mapchooser.smx] Voting for next map has started.
L 07/21/2015 - 16:37:18: [mapchooser.smx] Voting for next map has finished. Nextmap: de_inferno.
L 07/21/2015 - 16:39:08: [SM] Changed map to "de_inferno"
L 07/21/2015 - 16:39:12: -------- Mapchange to de_inferno --------
L 07/21/2015 - 16:39:19: [randomcycle.smx] RandomCycle has chosen de_aztec for the nextmap.
L 07/21/2015 - 16:47:12: [mapchooser.smx] Voting for next map has started.
L 07/21/2015 - 16:47:20: [mapchooser.smx] Voting for next map has finished. Nextmap: de_lake.
L 07/21/2015 - 16:48:54: [SM] Changed map to "de_lake"
L 07/21/2015 - 16:48:58: -------- Mapchange to de_lake --------
L 07/21/2015 - 16:49:05: [randomcycle.smx] RandomCycle has chosen de_dust for the nextmap.
L 07/21/2015 - 17:25:29: -------- Mapchange to de_lake --------
L 07/21/2015 - 17:25:35: [randomcycle.smx] RandomCycle has chosen de_dust for the nextmap.
L 07/21/2015 - 17:26:13: [mapchooser.smx] Starting map vote because outside request
L 07/21/2015 - 17:26:13: [mapchooser.smx] Voting for next map has started.
L 07/21/2015 - 17:26:14: [mapchooser.smx] Voting for next map has finished. Nextmap: de_dust.
L 07/21/2015 - 17:26:22: [SM] Changed map to "de_dust"
L 07/21/2015 - 17:26:23: -------- Mapchange to de_dust --------
L 07/21/2015 - 17:26:29: [randomcycle.smx] RandomCycle has chosen de_dust2 for the nextmap.
L 07/21/2015 - 17:26:59: [mapchooser.smx] Starting map vote because outside request
L 07/21/2015 - 17:26:59: [mapchooser.smx] Voting for next map has started.
L 07/21/2015 - 17:27:05: [mapchooser.smx] Voting for next map has finished. 'No Change' was the winner
L 07/21/2015 - 18:09:54: -------- Mapchange to de_dust --------
L 07/21/2015 - 18:10:00: [randomcycle.smx] RandomCycle has chosen de_dust for the nextmap.
L 07/21/2015 - 18:19:36: -------- Mapchange to de_dust --------
L 07/21/2015 - 18:19:42: [randomcycle.smx] RandomCycle has chosen de_aztec for the nextmap.
