L 08/16/2015 - 00:05:45: SourceMod log file session started (file "L20150816.log") (Version "1.7.2")
L 08/16/2015 - 00:05:45: -------- Mapchange to de_train --------
L 08/16/2015 - 00:05:45: [basecommands.smx] "Console<0><Console><Console>" changed cvar (cvar "sv_maxcmdrate") (value "128")
L 08/16/2015 - 00:20:29: [mapchooser.smx] Starting map vote because outside request
L 08/16/2015 - 00:20:29: [mapchooser.smx] Voting for next map has started.
L 08/16/2015 - 00:20:45: [mapchooser.smx] Voting for next map has finished. Nextmap: de_inferno.
L 08/16/2015 - 00:20:57: [SM] Changed map to "de_inferno"
L 08/16/2015 - 00:21:03: -------- Mapchange to de_inferno --------
L 08/16/2015 - 00:21:03: [basecommands.smx] "Console<0><Console><Console>" changed cvar (cvar "sv_maxcmdrate") (value "128")
L 08/16/2015 - 00:37:12: [mapchooser.smx] Voting for next map has started.
L 08/16/2015 - 00:37:21: [mapchooser.smx] Voting for next map has finished. Nextmap: de_dust2.
L 08/16/2015 - 00:38:55: [SM] Changed map to "de_dust2"
L 08/16/2015 - 00:38:56: -------- Mapchange to de_dust2 --------
L 08/16/2015 - 00:38:56: [basecommands.smx] "Console<0><Console><Console>" changed cvar (cvar "sv_maxcmdrate") (value "128")
L 08/16/2015 - 00:54:17: [mapchooser.smx] Voting for next map has started.
L 08/16/2015 - 00:54:28: [mapchooser.smx] Voting for next map has finished. Nextmap: de_mirage.
L 08/16/2015 - 01:01:55: -------- Mapchange to de_dust2 --------
L 08/16/2015 - 01:01:55: [basecommands.smx] "Console<0><Console><Console>" changed cvar (cvar "sv_maxcmdrate") (value "128")
L 08/16/2015 - 12:19:17: -------- Mapchange to de_dust2 --------
L 08/16/2015 - 12:19:17: [basecommands.smx] "Console<0><Console><Console>" changed cvar (cvar "sv_maxcmdrate") (value "128")
L 08/16/2015 - 12:23:19: -------- Mapchange to de_dust2 --------
L 08/16/2015 - 12:23:19: [basecommands.smx] "Console<0><Console><Console>" changed cvar (cvar "sv_maxcmdrate") (value "128")
L 08/16/2015 - 12:53:01: -------- Mapchange to de_dust2 --------
L 08/16/2015 - 12:53:01: [basecommands.smx] "Console<0><Console><Console>" changed cvar (cvar "sv_maxcmdrate") (value "128")
L 08/16/2015 - 15:25:05: -------- Mapchange to de_dust2 --------
L 08/16/2015 - 15:25:05: [basecommands.smx] "Console<0><Console><Console>" changed cvar (cvar "sv_maxcmdrate") (value "128")
L 08/16/2015 - 15:40:24: [mapchooser.smx] Voting for next map has started.
L 08/16/2015 - 15:40:44: [mapchooser.smx] Voting for next map has finished. Nextmap: de_inferno.
L 08/16/2015 - 15:42:49: [SM] Changed map to "de_inferno"
L 08/16/2015 - 15:42:52: -------- Mapchange to de_inferno --------
L 08/16/2015 - 15:42:52: [basecommands.smx] "Console<0><Console><Console>" changed cvar (cvar "sv_maxcmdrate") (value "128")
L 08/16/2015 - 15:58:48: [mapchooser.smx] Voting for next map has started.
L 08/16/2015 - 15:58:56: [mapchooser.smx] Voting for next map has finished. Nextmap: de_mirage.
L 08/16/2015 - 16:00:26: [SM] Changed map to "de_mirage"
L 08/16/2015 - 16:00:29: -------- Mapchange to de_mirage --------
L 08/16/2015 - 16:00:29: [basecommands.smx] "Console<0><Console><Console>" changed cvar (cvar "sv_maxcmdrate") (value "128")
L 08/16/2015 - 16:15:58: [mapchooser.smx] Voting for next map has started.
L 08/16/2015 - 16:53:52: -------- Mapchange to de_mirage --------
L 08/16/2015 - 16:53:52: [basecommands.smx] "Console<0><Console><Console>" changed cvar (cvar "sv_maxcmdrate") (value "128")
L 08/16/2015 - 17:08:21: [mapchooser.smx] Voting for next map has started.
L 08/16/2015 - 17:08:42: [mapchooser.smx] Voting for next map has finished. Nextmap: de_train.
L 08/16/2015 - 17:10:17: [SM] Changed map to "de_train"
L 08/16/2015 - 17:10:18: -------- Mapchange to de_train --------
L 08/16/2015 - 17:10:18: [basecommands.smx] "Console<0><Console><Console>" changed cvar (cvar "sv_maxcmdrate") (value "128")
L 08/16/2015 - 17:27:19: [mapchooser.smx] Voting for next map has started.
L 08/16/2015 - 17:27:39: [mapchooser.smx] Voting for next map has finished. Nextmap: de_overpass.
L 08/16/2015 - 17:29:39: [SM] Changed map to "de_overpass"
L 08/16/2015 - 17:29:43: -------- Mapchange to de_overpass --------
L 08/16/2015 - 17:29:43: [basecommands.smx] "Console<0><Console><Console>" changed cvar (cvar "sv_maxcmdrate") (value "128")
L 08/16/2015 - 17:42:00: -------- Mapchange to de_overpass --------
L 08/16/2015 - 17:42:01: [basecommands.smx] "Console<0><Console><Console>" changed cvar (cvar "sv_maxcmdrate") (value "128")
L 08/16/2015 - 20:38:10: -------- Mapchange to de_overpass --------
L 08/16/2015 - 20:38:10: [basecommands.smx] "Console<0><Console><Console>" changed cvar (cvar "sv_maxcmdrate") (value "128")
L 08/16/2015 - 20:54:37: -------- Mapchange to de_overpass --------
L 08/16/2015 - 20:54:38: [basecommands.smx] "Console<0><Console><Console>" changed cvar (cvar "sv_maxcmdrate") (value "128")
L 08/16/2015 - 21:07:46: [mapchooser.smx] Voting for next map has started.
L 08/16/2015 - 21:07:51: [mapchooser.smx] Voting for next map has finished. Nextmap: de_inferno.
L 08/16/2015 - 21:08:58: [SM] Changed map to "de_inferno"
L 08/16/2015 - 21:08:59: -------- Mapchange to de_inferno --------
L 08/16/2015 - 21:08:59: [basecommands.smx] "Console<0><Console><Console>" changed cvar (cvar "sv_maxcmdrate") (value "128")
L 08/16/2015 - 21:21:05: [mapchooser.smx] Voting for next map has started.
L 08/16/2015 - 21:21:14: [mapchooser.smx] Voting for next map has finished. Nextmap: de_nuke.
L 08/16/2015 - 21:22:36: [SM] Changed map to "de_nuke"
L 08/16/2015 - 21:22:40: -------- Mapchange to de_nuke --------
L 08/16/2015 - 21:22:40: [basecommands.smx] "Console<0><Console><Console>" changed cvar (cvar "sv_maxcmdrate") (value "128")
L 08/16/2015 - 21:38:05: [mapchooser.smx] Voting for next map has started.
L 08/16/2015 - 21:38:09: [mapchooser.smx] Voting for next map has finished. Nextmap: de_cache.
L 08/16/2015 - 22:38:33: -------- Mapchange to de_nuke --------
L 08/16/2015 - 22:38:34: [basecommands.smx] "Console<0><Console><Console>" changed cvar (cvar "sv_maxcmdrate") (value "128")
L 08/16/2015 - 22:53:51: [mapchooser.smx] Voting for next map has started.
L 08/16/2015 - 22:54:11: [mapchooser.smx] Voting for next map has finished. Nextmap: de_mirage.
L 08/16/2015 - 22:56:56: [SM] Changed map to "de_mirage"
L 08/16/2015 - 22:56:56: -------- Mapchange to de_mirage --------
L 08/16/2015 - 22:56:57: [basecommands.smx] "Console<0><Console><Console>" changed cvar (cvar "sv_maxcmdrate") (value "128")
L 08/16/2015 - 23:10:35: [mapchooser.smx] Voting for next map has started.
L 08/16/2015 - 23:10:38: [mapchooser.smx] Voting for next map has finished. Nextmap: de_cache.
