L 08/06/2015 - 16:34:56: SourceMod log file session started (file "L20150806.log") (Version "1.7.2")
L 08/06/2015 - 16:34:56: -------- Mapchange to de_dust2 --------
L 08/06/2015 - 16:34:57: [basecommands.smx] "Console<0><Console><Console>" changed cvar (cvar "sv_maxcmdrate") (value "128")
L 08/06/2015 - 16:42:06: [mapchooser.smx] Starting map vote because outside request
L 08/06/2015 - 16:42:06: [mapchooser.smx] Voting for next map has started.
L 08/06/2015 - 16:42:27: [mapchooser.smx] Voting for next map has finished. Nextmap: de_mirage.
L 08/06/2015 - 16:42:45: [SM] Changed map to "de_mirage"
L 08/06/2015 - 16:42:48: -------- Mapchange to de_mirage --------
L 08/06/2015 - 16:42:48: [basecommands.smx] "Console<0><Console><Console>" changed cvar (cvar "sv_maxcmdrate") (value "128")
L 08/06/2015 - 16:58:01: [mapchooser.smx] Voting for next map has started.
L 08/06/2015 - 16:58:22: [mapchooser.smx] Voting for next map has finished. Nextmap: de_nuke.
L 08/06/2015 - 16:59:24: [SM] Changed map to "de_nuke"
L 08/06/2015 - 16:59:29: -------- Mapchange to de_nuke --------
L 08/06/2015 - 16:59:29: [basecommands.smx] "Console<0><Console><Console>" changed cvar (cvar "sv_maxcmdrate") (value "128")
L 08/06/2015 - 17:13:51: [mapchooser.smx] Voting for next map has started.
L 08/06/2015 - 17:13:54: [mapchooser.smx] Voting for next map has finished. Nextmap: de_cbble.
L 08/06/2015 - 17:15:13: [SM] Changed map to "de_cbble"
L 08/06/2015 - 17:15:18: -------- Mapchange to de_cbble --------
L 08/06/2015 - 17:15:18: [basecommands.smx] "Console<0><Console><Console>" changed cvar (cvar "sv_maxcmdrate") (value "128")
L 08/06/2015 - 17:55:46: -------- Mapchange to de_cbble --------
L 08/06/2015 - 17:55:46: [basecommands.smx] "Console<0><Console><Console>" changed cvar (cvar "sv_maxcmdrate") (value "128")
L 08/06/2015 - 17:57:30: -------- Mapchange to de_cbble --------
L 08/06/2015 - 17:57:30: [basecommands.smx] "Console<0><Console><Console>" changed cvar (cvar "sv_maxcmdrate") (value "128")
L 08/06/2015 - 18:38:14: -------- Mapchange to de_cbble --------
L 08/06/2015 - 18:38:14: [basecommands.smx] "Console<0><Console><Console>" changed cvar (cvar "sv_maxcmdrate") (value "128")
L 08/06/2015 - 19:21:31: -------- Mapchange to de_cbble --------
L 08/06/2015 - 19:21:31: [basecommands.smx] "Console<0><Console><Console>" changed cvar (cvar "sv_maxcmdrate") (value "128")
L 08/06/2015 - 19:34:38: [mapchooser.smx] Voting for next map has started.
L 08/06/2015 - 19:34:40: [mapchooser.smx] Voting for next map has finished. Nextmap: de_train.
L 08/06/2015 - 19:36:09: [SM] Changed map to "de_train"
L 08/06/2015 - 19:36:10: -------- Mapchange to de_train --------
L 08/06/2015 - 19:36:10: [basecommands.smx] "Console<0><Console><Console>" changed cvar (cvar "sv_maxcmdrate") (value "128")
